<?xml version="1.0" encoding="UTF-8" ?>
<testsuite tests="4" failures="1" name="TestSuite" time="178.197" errors="0" skipped="0">
  <properties>
[...]
</properties>
  <testcase classname="testcase.TestClass1" name="Login" time="16.924"/>
  <testcase classname="testcase.TestClass2" name="userAction" time="75.545">
    <failure message="超时!! 15 秒之后还没找到元素 :[By.xpath: //*[@id=&quot;fastpostmessage&quot;]]" type="java.lang.AssertionError">java.lang.AssertionError: 超时!! 15 秒之后还没找到元素 :[By.xpath: //*[@id=&quot;fastpostmessage&quot;]]
	at org.testng.Assert.fail(Assert.java:94)
	at util.SeleniumUtil.waitForElementLoad(SeleniumUtil.java:210)
	at pagehelper.HelperRepliesPage.inputContents(HelperRepliesPage.java:30)
	at testcase.TestClass2.userAction(TestClass2.java:62)
</failure>
  </testcase>
  <testcase classname="testcase.TestClass3" name="userSearch" time="12.176"/>
  <testcase classname="testcase.TestVote" name="vote" time="19.226"/>
</testsuite>