<?xml version="1.0" encoding="UTF-8"?>
<testng-results skipped="0" failed="1" total="4" passed="3">
  <reporter-output>
  </reporter-output>
  <suite name="DiscuzTest" duration-ms="177648" started-at="2018-05-30T11:36:18Z" finished-at="2018-05-30T11:39:15Z">
    <groups>
    </groups>
    <test name="Test" duration-ms="177648" started-at="2018-05-30T11:36:18Z" finished-at="2018-05-30T11:39:15Z">
      <class name="testcase.TestClass2">
        <test-method status="PASS" signature="setUp()[pri:0, instance:testcase.TestClass2@52af6cff]" name="setUp" is-config="true" duration-ms="11310" started-at="2018-05-30T19:36:52Z" finished-at="2018-05-30T19:37:03Z">
          <reporter-output>
          </reporter-output>
        </test-method> <!-- setUp -->
        <test-method status="FAIL" signature="userAction()[pri:0, instance:testcase.TestClass2@52af6cff]" name="userAction" duration-ms="75544" started-at="2018-05-30T19:37:03Z" finished-at="2018-05-30T19:38:19Z">
          <exception class="java.lang.AssertionError">
            <message>
              <![CDATA[超时!! 15 秒之后还没找到元素 :[By.xpath: //*[@id="fastpostmessage"]]]]>
            </message>
            <full-stacktrace>
              <![CDATA[java.lang.AssertionError: 超时!! 15 秒之后还没找到元素 :[By.xpath: //*[@id="fastpostmessage"]]
	at org.testng.Assert.fail(Assert.java:94)
	at util.SeleniumUtil.waitForElementLoad(SeleniumUtil.java:210)
	at pagehelper.HelperRepliesPage.inputContents(HelperRepliesPage.java:30)
	at testcase.TestClass2.userAction(TestClass2.java:62)
	at sun.reflect.NativeMethodAccessorImpl.invoke0(Native Method)
	at sun.reflect.NativeMethodAccessorImpl.invoke(NativeMethodAccessorImpl.java:62)
	at sun.reflect.DelegatingMethodAccessorImpl.invoke(DelegatingMethodAccessorImpl.java:43)
	at java.lang.reflect.Method.invoke(Method.java:498)
	at org.testng.internal.MethodInvocationHelper.invokeMethod(MethodInvocationHelper.java:86)
	at org.testng.internal.Invoker.invokeMethod(Invoker.java:643)
	at org.testng.internal.Invoker.invokeTestMethod(Invoker.java:820)
	at org.testng.internal.Invoker.invokeTestMethods(Invoker.java:1128)
	at org.testng.internal.TestMethodWorker.invokeTestMethods(TestMethodWorker.java:129)
	at org.testng.internal.TestMethodWorker.run(TestMethodWorker.java:112)
	at org.testng.TestRunner.privateRun(TestRunner.java:782)
	at org.testng.TestRunner.run(TestRunner.java:632)
	at org.testng.SuiteRunner.runTest(SuiteRunner.java:366)
	at org.testng.SuiteRunner.runSequentially(SuiteRunner.java:361)
	at org.testng.SuiteRunner.privateRun(SuiteRunner.java:319)
	at org.testng.SuiteRunner.run(SuiteRunner.java:268)
	at org.testng.SuiteRunnerWorker.runSuite(SuiteRunnerWorker.java:52)
	at org.testng.SuiteRunnerWorker.run(SuiteRunnerWorker.java:86)
	at org.testng.TestNG.runSuitesSequentially(TestNG.java:1244)
	at org.testng.TestNG.runSuitesLocally(TestNG.java:1169)
	at org.testng.TestNG.run(TestNG.java:1064)
	at org.apache.maven.surefire.testng.TestNGExecutor.run(TestNGExecutor.java:74)
	at org.apache.maven.surefire.testng.TestNGXmlTestSuite.execute(TestNGXmlTestSuite.java:92)
	at org.apache.maven.surefire.Surefire.run(Surefire.java:180)
	at sun.reflect.NativeMethodAccessorImpl.invoke0(Native Method)
	at sun.reflect.NativeMethodAccessorImpl.invoke(NativeMethodAccessorImpl.java:62)
	at sun.reflect.DelegatingMethodAccessorImpl.invoke(DelegatingMethodAccessorImpl.java:43)
	at java.lang.reflect.Method.invoke(Method.java:498)
	at org.apache.maven.surefire.booter.SurefireBooter.runSuitesInProcess(SurefireBooter.java:350)
	at org.apache.maven.surefire.booter.SurefireBooter.main(SurefireBooter.java:1021)
]]>
            </full-stacktrace>
          </exception> <!-- java.lang.AssertionError -->
          <reporter-output>
          </reporter-output>
        </test-method> <!-- userAction -->
        <test-method status="PASS" signature="tearDown()[pri:0, instance:testcase.TestClass2@52af6cff]" name="tearDown" is-config="true" duration-ms="930" started-at="2018-05-30T19:38:19Z" finished-at="2018-05-30T19:38:20Z">
          <reporter-output>
          </reporter-output>
        </test-method> <!-- tearDown -->
      </class> <!-- testcase.TestClass2 -->
      <class name="testcase.TestClass3">
        <test-method status="PASS" signature="setUp()[pri:0, instance:testcase.TestClass3@735b478]" name="setUp" is-config="true" duration-ms="11362" started-at="2018-05-30T19:38:20Z" finished-at="2018-05-30T19:38:31Z">
          <reporter-output>
          </reporter-output>
        </test-method> <!-- setUp -->
        <test-method status="PASS" signature="userSearch()[pri:0, instance:testcase.TestClass3@735b478]" name="userSearch" duration-ms="12176" started-at="2018-05-30T19:38:31Z" finished-at="2018-05-30T19:38:43Z">
          <reporter-output>
          </reporter-output>
        </test-method> <!-- userSearch -->
        <test-method status="PASS" signature="tearDown()[pri:0, instance:testcase.TestClass3@735b478]" name="tearDown" is-config="true" duration-ms="826" started-at="2018-05-30T19:38:43Z" finished-at="2018-05-30T19:38:44Z">
          <reporter-output>
          </reporter-output>
        </test-method> <!-- tearDown -->
      </class> <!-- testcase.TestClass3 -->
      <class name="testcase.TestClass1">
        <test-method status="PASS" signature="setUp()[pri:0, instance:testcase.TestClass1@531be3c5]" name="setUp" is-config="true" duration-ms="15459" started-at="2018-05-30T19:36:18Z" finished-at="2018-05-30T19:36:33Z">
          <reporter-output>
          </reporter-output>
        </test-method> <!-- setUp -->
        <test-method status="PASS" signature="Login()[pri:0, instance:testcase.TestClass1@531be3c5]" name="Login" duration-ms="16921" started-at="2018-05-30T19:36:33Z" finished-at="2018-05-30T19:36:50Z">
          <reporter-output>
          </reporter-output>
        </test-method> <!-- Login -->
        <test-method status="PASS" signature="tearDown()[pri:0, instance:testcase.TestClass1@531be3c5]" name="tearDown" is-config="true" duration-ms="1679" started-at="2018-05-30T19:36:50Z" finished-at="2018-05-30T19:36:52Z">
          <reporter-output>
          </reporter-output>
        </test-method> <!-- tearDown -->
      </class> <!-- testcase.TestClass1 -->
      <class name="testcase.TestVote">
        <test-method status="PASS" signature="setUp()[pri:0, instance:testcase.TestVote@2c9f9fb0]" name="setUp" is-config="true" duration-ms="11280" started-at="2018-05-30T19:38:44Z" finished-at="2018-05-30T19:38:55Z">
          <reporter-output>
          </reporter-output>
        </test-method> <!-- setUp -->
        <test-method status="PASS" signature="vote()[pri:0, instance:testcase.TestVote@2c9f9fb0]" name="vote" duration-ms="19227" started-at="2018-05-30T19:38:55Z" finished-at="2018-05-30T19:39:15Z">
          <reporter-output>
          </reporter-output>
        </test-method> <!-- vote -->
        <test-method status="PASS" signature="tearDown()[pri:0, instance:testcase.TestVote@2c9f9fb0]" name="tearDown" is-config="true" duration-ms="810" started-at="2018-05-30T19:39:15Z" finished-at="2018-05-30T19:39:15Z">
          <reporter-output>
          </reporter-output>
        </test-method> <!-- tearDown -->
      </class> <!-- testcase.TestVote -->
    </test> <!-- Test -->
  </suite> <!-- DiscuzTest -->
</testng-results>
