<?xml version="1.0" encoding="UTF-8"?>
<testng-results skipped="0" failed="0" total="2" passed="2">
  <reporter-output>
  </reporter-output>
  <suite name="Default suite" duration-ms="28" started-at="2018-05-31T06:11:44Z" finished-at="2018-05-31T06:11:44Z">
    <groups>
    </groups>
    <test name="Default test" duration-ms="28" started-at="2018-05-31T06:11:44Z" finished-at="2018-05-31T06:11:44Z">
      <class name="com.haotest.MavenTest.Test002">
        <test-method status="PASS" signature="send()[pri:0, instance:com.haotest.MavenTest.Test002@d8355a8]" name="send" duration-ms="9" started-at="2018-05-31T14:11:44Z" finished-at="2018-05-31T14:11:44Z">
          <reporter-output>
          </reporter-output>
        </test-method> <!-- send -->
      </class> <!-- com.haotest.MavenTest.Test002 -->
      <class name="com.haotest.MavenTest.Test001">
        <test-method status="PASS" signature="clear()[pri:0, instance:com.haotest.MavenTest.Test001@4501b7af]" name="clear" duration-ms="3" started-at="2018-05-31T14:11:44Z" finished-at="2018-05-31T14:11:44Z">
          <reporter-output>
          </reporter-output>
        </test-method> <!-- clear -->
      </class> <!-- com.haotest.MavenTest.Test001 -->
    </test> <!-- Default test -->
  </suite> <!-- Default suite -->
</testng-results>
