<?xml version="1.0" encoding="UTF-8"?>
<testng-results skipped="0" failed="0" total="2" passed="2">
  <reporter-output>
  </reporter-output>
  <suite name="Default suite" duration-ms="24" started-at="2018-05-31T03:48:37Z" finished-at="2018-05-31T03:48:37Z">
    <groups>
    </groups>
    <test name="Default test" duration-ms="24" started-at="2018-05-31T03:48:37Z" finished-at="2018-05-31T03:48:37Z">
      <class name="Test.Test001">
        <test-method status="PASS" signature="clear()[pri:0, instance:Test.Test001@46d56d67]" name="clear" duration-ms="8" started-at="2018-05-31T11:48:37Z" finished-at="2018-05-31T11:48:37Z">
          <reporter-output>
          </reporter-output>
        </test-method> <!-- clear -->
      </class> <!-- Test.Test001 -->
      <class name="Test.Test002">
        <test-method status="PASS" signature="send()[pri:0, instance:Test.Test002@28d25987]" name="send" duration-ms="1" started-at="2018-05-31T11:48:37Z" finished-at="2018-05-31T11:48:37Z">
          <reporter-output>
          </reporter-output>
        </test-method> <!-- send -->
      </class> <!-- Test.Test002 -->
    </test> <!-- Default test -->
  </suite> <!-- Default suite -->
</testng-results>
